<?xml version="1.0" encoding="UTF-8"?>
<testsuite xmlns:xsi="http://www.w3.org/2001/XMLSchema-instance" xsi:noNamespaceSchemaLocation="https://maven.apache.org/surefire/maven-surefire-plugin/xsd/surefire-test-report.xsd" name="TestSuite" time="83.428" tests="9" errors="0" skipped="0" failures="2">
  <properties>
    <property name="java.specification.version" value="15"/>
    <property name="sun.cpu.isalist" value="amd64"/>
    <property name="sun.jnu.encoding" value="Cp1252"/>
    <property name="java.class.path" value="C:\Users\KUNDAN KUMAR RAI\Selenium\TestNG_Newtours_Parameter_Properties\target\test-classes;C:\Users\KUNDAN KUMAR RAI\Selenium\TestNG_Newtours_Parameter_Properties\target\classes;C:\Users\KUNDAN KUMAR RAI\.m2\repository\org\seleniumhq\selenium\selenium-java\3.141.59\selenium-java-3.141.59.jar;C:\Users\KUNDAN KUMAR RAI\.m2\repository\org\seleniumhq\selenium\selenium-api\3.141.59\selenium-api-3.141.59.jar;C:\Users\KUNDAN KUMAR RAI\.m2\repository\org\seleniumhq\selenium\selenium-chrome-driver\3.141.59\selenium-chrome-driver-3.141.59.jar;C:\Users\KUNDAN KUMAR RAI\.m2\repository\org\seleniumhq\selenium\selenium-edge-driver\3.141.59\selenium-edge-driver-3.141.59.jar;C:\Users\KUNDAN KUMAR RAI\.m2\repository\org\seleniumhq\selenium\selenium-firefox-driver\3.141.59\selenium-firefox-driver-3.141.59.jar;C:\Users\KUNDAN KUMAR RAI\.m2\repository\org\seleniumhq\selenium\selenium-ie-driver\3.141.59\selenium-ie-driver-3.141.59.jar;C:\Users\KUNDAN KUMAR RAI\.m2\repository\org\seleniumhq\selenium\selenium-opera-driver\3.141.59\selenium-opera-driver-3.141.59.jar;C:\Users\KUNDAN KUMAR RAI\.m2\repository\org\seleniumhq\selenium\selenium-remote-driver\3.141.59\selenium-remote-driver-3.141.59.jar;C:\Users\KUNDAN KUMAR RAI\.m2\repository\org\seleniumhq\selenium\selenium-safari-driver\3.141.59\selenium-safari-driver-3.141.59.jar;C:\Users\KUNDAN KUMAR RAI\.m2\repository\org\seleniumhq\selenium\selenium-support\3.141.59\selenium-support-3.141.59.jar;C:\Users\KUNDAN KUMAR RAI\.m2\repository\net\bytebuddy\byte-buddy\1.8.15\byte-buddy-1.8.15.jar;C:\Users\KUNDAN KUMAR RAI\.m2\repository\org\apache\commons\commons-exec\1.3\commons-exec-1.3.jar;C:\Users\KUNDAN KUMAR RAI\.m2\repository\com\google\guava\guava\25.0-jre\guava-25.0-jre.jar;C:\Users\KUNDAN KUMAR RAI\.m2\repository\com\google\code\findbugs\jsr305\1.3.9\jsr305-1.3.9.jar;C:\Users\KUNDAN KUMAR RAI\.m2\repository\org\checkerframework\checker-compat-qual\2.0.0\checker-compat-qual-2.0.0.jar;C:\Users\KUNDAN KUMAR RAI\.m2\repository\com\google\errorprone\error_prone_annotations\2.1.3\error_prone_annotations-2.1.3.jar;C:\Users\KUNDAN KUMAR RAI\.m2\repository\com\google\j2objc\j2objc-annotations\1.1\j2objc-annotations-1.1.jar;C:\Users\KUNDAN KUMAR RAI\.m2\repository\org\codehaus\mojo\animal-sniffer-annotations\1.14\animal-sniffer-annotations-1.14.jar;C:\Users\KUNDAN KUMAR RAI\.m2\repository\com\squareup\okhttp3\okhttp\3.11.0\okhttp-3.11.0.jar;C:\Users\KUNDAN KUMAR RAI\.m2\repository\com\squareup\okio\okio\1.14.0\okio-1.14.0.jar;C:\Users\KUNDAN KUMAR RAI\.m2\repository\io\github\bonigarcia\webdrivermanager\5.0.2\webdrivermanager-5.0.2.jar;C:\Users\KUNDAN KUMAR RAI\.m2\repository\org\slf4j\slf4j-api\1.7.32\slf4j-api-1.7.32.jar;C:\Users\KUNDAN KUMAR RAI\.m2\repository\com\google\code\gson\gson\2.8.8\gson-2.8.8.jar;C:\Users\KUNDAN KUMAR RAI\.m2\repository\org\jsoup\jsoup\1.14.2\jsoup-1.14.2.jar;C:\Users\KUNDAN KUMAR RAI\.m2\repository\com\github\docker-java\docker-java\3.2.11\docker-java-3.2.11.jar;C:\Users\KUNDAN KUMAR RAI\.m2\repository\com\github\docker-java\docker-java-core\3.2.11\docker-java-core-3.2.11.jar;C:\Users\KUNDAN KUMAR RAI\.m2\repository\com\github\docker-java\docker-java-api\3.2.11\docker-java-api-3.2.11.jar;C:\Users\KUNDAN KUMAR RAI\.m2\repository\com\fasterxml\jackson\core\jackson-annotations\2.10.3\jackson-annotations-2.10.3.jar;C:\Users\KUNDAN KUMAR RAI\.m2\repository\commons-io\commons-io\2.6\commons-io-2.6.jar;C:\Users\KUNDAN KUMAR RAI\.m2\repository\org\apache\commons\commons-compress\1.20\commons-compress-1.20.jar;C:\Users\KUNDAN KUMAR RAI\.m2\repository\commons-lang\commons-lang\2.6\commons-lang-2.6.jar;C:\Users\KUNDAN KUMAR RAI\.m2\repository\com\fasterxml\jackson\core\jackson-databind\2.10.3\jackson-databind-2.10.3.jar;C:\Users\KUNDAN KUMAR RAI\.m2\repository\com\fasterxml\jackson\core\jackson-core\2.10.3\jackson-core-2.10.3.jar;C:\Users\KUNDAN KUMAR RAI\.m2\repository\org\bouncycastle\bcpkix-jdk15on\1.64\bcpkix-jdk15on-1.64.jar;C:\Users\KUNDAN KUMAR RAI\.m2\repository\org\bouncycastle\bcprov-jdk15on\1.64\bcprov-jdk15on-1.64.jar;C:\Users\KUNDAN KUMAR RAI\.m2\repository\org\slf4j\jcl-over-slf4j\1.7.30\jcl-over-slf4j-1.7.30.jar;C:\Users\KUNDAN KUMAR RAI\.m2\repository\com\github\docker-java\docker-java-transport-httpclient5\3.2.11\docker-java-transport-httpclient5-3.2.11.jar;C:\Users\KUNDAN KUMAR RAI\.m2\repository\com\github\docker-java\docker-java-transport\3.2.11\docker-java-transport-3.2.11.jar;C:\Users\KUNDAN KUMAR RAI\.m2\repository\org\apache\httpcomponents\client5\httpclient5\5.0.3\httpclient5-5.0.3.jar;C:\Users\KUNDAN KUMAR RAI\.m2\repository\org\apache\httpcomponents\core5\httpcore5\5.0.2\httpcore5-5.0.2.jar;C:\Users\KUNDAN KUMAR RAI\.m2\repository\commons-codec\commons-codec\1.13\commons-codec-1.13.jar;C:\Users\KUNDAN KUMAR RAI\.m2\repository\net\java\dev\jna\jna\5.8.0\jna-5.8.0.jar;C:\Users\KUNDAN KUMAR RAI\.m2\repository\org\brotli\dec\0.1.2\dec-0.1.2.jar;C:\Users\KUNDAN KUMAR RAI\.m2\repository\org\testng\testng\7.1.0\testng-7.1.0.jar;C:\Users\KUNDAN KUMAR RAI\.m2\repository\com\beust\jcommander\1.72\jcommander-1.72.jar;C:\Users\KUNDAN KUMAR RAI\.m2\repository\com\google\inject\guice\4.1.0\guice-4.1.0-no_aop.jar;C:\Users\KUNDAN KUMAR RAI\.m2\repository\javax\inject\javax.inject\1\javax.inject-1.jar;C:\Users\KUNDAN KUMAR RAI\.m2\repository\aopalliance\aopalliance\1.0\aopalliance-1.0.jar;C:\Users\KUNDAN KUMAR RAI\.m2\repository\org\yaml\snakeyaml\1.21\snakeyaml-1.21.jar;"/>
    <property name="java.vm.vendor" value="Oracle Corporation"/>
    <property name="sun.arch.data.model" value="64"/>
    <property name="user.variant" value=""/>
    <property name="java.vendor.url" value="https://java.oracle.com/"/>
    <property name="user.timezone" value="Asia/Calcutta"/>
    <property name="os.name" value="Windows 10"/>
    <property name="java.vm.specification.version" value="15"/>
    <property name="sun.java.launcher" value="SUN_STANDARD"/>
    <property name="user.country" value="US"/>
    <property name="sun.boot.library.path" value="C:\Program Files\Java\jdk-15.0.1\bin"/>
    <property name="sun.java.command" value="C:\Users\KUNDAN~1\AppData\Local\Temp\surefire3547501341808641191\surefirebooter16629827460727412407.jar C:\Users\KUNDAN KUMAR RAI\AppData\Local\Temp\surefire3547501341808641191 2021-09-24T15-17-35_675-jvmRun1 surefire12221620819193186446tmp surefire_012749951905544485800tmp"/>
    <property name="jdk.debug" value="release"/>
    <property name="surefire.test.class.path" value="C:\Users\KUNDAN KUMAR RAI\Selenium\TestNG_Newtours_Parameter_Properties\target\test-classes;C:\Users\KUNDAN KUMAR RAI\Selenium\TestNG_Newtours_Parameter_Properties\target\classes;C:\Users\KUNDAN KUMAR RAI\.m2\repository\org\seleniumhq\selenium\selenium-java\3.141.59\selenium-java-3.141.59.jar;C:\Users\KUNDAN KUMAR RAI\.m2\repository\org\seleniumhq\selenium\selenium-api\3.141.59\selenium-api-3.141.59.jar;C:\Users\KUNDAN KUMAR RAI\.m2\repository\org\seleniumhq\selenium\selenium-chrome-driver\3.141.59\selenium-chrome-driver-3.141.59.jar;C:\Users\KUNDAN KUMAR RAI\.m2\repository\org\seleniumhq\selenium\selenium-edge-driver\3.141.59\selenium-edge-driver-3.141.59.jar;C:\Users\KUNDAN KUMAR RAI\.m2\repository\org\seleniumhq\selenium\selenium-firefox-driver\3.141.59\selenium-firefox-driver-3.141.59.jar;C:\Users\KUNDAN KUMAR RAI\.m2\repository\org\seleniumhq\selenium\selenium-ie-driver\3.141.59\selenium-ie-driver-3.141.59.jar;C:\Users\KUNDAN KUMAR RAI\.m2\repository\org\seleniumhq\selenium\selenium-opera-driver\3.141.59\selenium-opera-driver-3.141.59.jar;C:\Users\KUNDAN KUMAR RAI\.m2\repository\org\seleniumhq\selenium\selenium-remote-driver\3.141.59\selenium-remote-driver-3.141.59.jar;C:\Users\KUNDAN KUMAR RAI\.m2\repository\org\seleniumhq\selenium\selenium-safari-driver\3.141.59\selenium-safari-driver-3.141.59.jar;C:\Users\KUNDAN KUMAR RAI\.m2\repository\org\seleniumhq\selenium\selenium-support\3.141.59\selenium-support-3.141.59.jar;C:\Users\KUNDAN KUMAR RAI\.m2\repository\net\bytebuddy\byte-buddy\1.8.15\byte-buddy-1.8.15.jar;C:\Users\KUNDAN KUMAR RAI\.m2\repository\org\apache\commons\commons-exec\1.3\commons-exec-1.3.jar;C:\Users\KUNDAN KUMAR RAI\.m2\repository\com\google\guava\guava\25.0-jre\guava-25.0-jre.jar;C:\Users\KUNDAN KUMAR RAI\.m2\repository\com\google\code\findbugs\jsr305\1.3.9\jsr305-1.3.9.jar;C:\Users\KUNDAN KUMAR RAI\.m2\repository\org\checkerframework\checker-compat-qual\2.0.0\checker-compat-qual-2.0.0.jar;C:\Users\KUNDAN KUMAR RAI\.m2\repository\com\google\errorprone\error_prone_annotations\2.1.3\error_prone_annotations-2.1.3.jar;C:\Users\KUNDAN KUMAR RAI\.m2\repository\com\google\j2objc\j2objc-annotations\1.1\j2objc-annotations-1.1.jar;C:\Users\KUNDAN KUMAR RAI\.m2\repository\org\codehaus\mojo\animal-sniffer-annotations\1.14\animal-sniffer-annotations-1.14.jar;C:\Users\KUNDAN KUMAR RAI\.m2\repository\com\squareup\okhttp3\okhttp\3.11.0\okhttp-3.11.0.jar;C:\Users\KUNDAN KUMAR RAI\.m2\repository\com\squareup\okio\okio\1.14.0\okio-1.14.0.jar;C:\Users\KUNDAN KUMAR RAI\.m2\repository\io\github\bonigarcia\webdrivermanager\5.0.2\webdrivermanager-5.0.2.jar;C:\Users\KUNDAN KUMAR RAI\.m2\repository\org\slf4j\slf4j-api\1.7.32\slf4j-api-1.7.32.jar;C:\Users\KUNDAN KUMAR RAI\.m2\repository\com\google\code\gson\gson\2.8.8\gson-2.8.8.jar;C:\Users\KUNDAN KUMAR RAI\.m2\repository\org\jsoup\jsoup\1.14.2\jsoup-1.14.2.jar;C:\Users\KUNDAN KUMAR RAI\.m2\repository\com\github\docker-java\docker-java\3.2.11\docker-java-3.2.11.jar;C:\Users\KUNDAN KUMAR RAI\.m2\repository\com\github\docker-java\docker-java-core\3.2.11\docker-java-core-3.2.11.jar;C:\Users\KUNDAN KUMAR RAI\.m2\repository\com\github\docker-java\docker-java-api\3.2.11\docker-java-api-3.2.11.jar;C:\Users\KUNDAN KUMAR RAI\.m2\repository\com\fasterxml\jackson\core\jackson-annotations\2.10.3\jackson-annotations-2.10.3.jar;C:\Users\KUNDAN KUMAR RAI\.m2\repository\commons-io\commons-io\2.6\commons-io-2.6.jar;C:\Users\KUNDAN KUMAR RAI\.m2\repository\org\apache\commons\commons-compress\1.20\commons-compress-1.20.jar;C:\Users\KUNDAN KUMAR RAI\.m2\repository\commons-lang\commons-lang\2.6\commons-lang-2.6.jar;C:\Users\KUNDAN KUMAR RAI\.m2\repository\com\fasterxml\jackson\core\jackson-databind\2.10.3\jackson-databind-2.10.3.jar;C:\Users\KUNDAN KUMAR RAI\.m2\repository\com\fasterxml\jackson\core\jackson-core\2.10.3\jackson-core-2.10.3.jar;C:\Users\KUNDAN KUMAR RAI\.m2\repository\org\bouncycastle\bcpkix-jdk15on\1.64\bcpkix-jdk15on-1.64.jar;C:\Users\KUNDAN KUMAR RAI\.m2\repository\org\bouncycastle\bcprov-jdk15on\1.64\bcprov-jdk15on-1.64.jar;C:\Users\KUNDAN KUMAR RAI\.m2\repository\org\slf4j\jcl-over-slf4j\1.7.30\jcl-over-slf4j-1.7.30.jar;C:\Users\KUNDAN KUMAR RAI\.m2\repository\com\github\docker-java\docker-java-transport-httpclient5\3.2.11\docker-java-transport-httpclient5-3.2.11.jar;C:\Users\KUNDAN KUMAR RAI\.m2\repository\com\github\docker-java\docker-java-transport\3.2.11\docker-java-transport-3.2.11.jar;C:\Users\KUNDAN KUMAR RAI\.m2\repository\org\apache\httpcomponents\client5\httpclient5\5.0.3\httpclient5-5.0.3.jar;C:\Users\KUNDAN KUMAR RAI\.m2\repository\org\apache\httpcomponents\core5\httpcore5\5.0.2\httpcore5-5.0.2.jar;C:\Users\KUNDAN KUMAR RAI\.m2\repository\commons-codec\commons-codec\1.13\commons-codec-1.13.jar;C:\Users\KUNDAN KUMAR RAI\.m2\repository\net\java\dev\jna\jna\5.8.0\jna-5.8.0.jar;C:\Users\KUNDAN KUMAR RAI\.m2\repository\org\brotli\dec\0.1.2\dec-0.1.2.jar;C:\Users\KUNDAN KUMAR RAI\.m2\repository\org\testng\testng\7.1.0\testng-7.1.0.jar;C:\Users\KUNDAN KUMAR RAI\.m2\repository\com\beust\jcommander\1.72\jcommander-1.72.jar;C:\Users\KUNDAN KUMAR RAI\.m2\repository\com\google\inject\guice\4.1.0\guice-4.1.0-no_aop.jar;C:\Users\KUNDAN KUMAR RAI\.m2\repository\javax\inject\javax.inject\1\javax.inject-1.jar;C:\Users\KUNDAN KUMAR RAI\.m2\repository\aopalliance\aopalliance\1.0\aopalliance-1.0.jar;C:\Users\KUNDAN KUMAR RAI\.m2\repository\org\yaml\snakeyaml\1.21\snakeyaml-1.21.jar;"/>
    <property name="sun.cpu.endian" value="little"/>
    <property name="user.home" value="C:\Users\KUNDAN KUMAR RAI"/>
    <property name="user.language" value="en"/>
    <property name="java.specification.vendor" value="Oracle Corporation"/>
    <property name="java.version.date" value="2020-10-20"/>
    <property name="java.home" value="C:\Program Files\Java\jdk-15.0.1"/>
    <property name="file.separator" value="\"/>
    <property name="basedir" value="C:\Users\KUNDAN KUMAR RAI\Selenium\TestNG_Newtours_Parameter_Properties"/>
    <property name="java.vm.compressedOopsMode" value="32-bit"/>
    <property name="line.separator" value="&#10;"/>
    <property name="java.vm.specification.vendor" value="Oracle Corporation"/>
    <property name="java.specification.name" value="Java Platform API Specification"/>
    <property name="surefire.real.class.path" value="C:\Users\KUNDAN~1\AppData\Local\Temp\surefire3547501341808641191\surefirebooter16629827460727412407.jar"/>
    <property name="user.script" value=""/>
    <property name="sun.management.compiler" value="HotSpot 64-Bit Tiered Compilers"/>
    <property name="java.runtime.version" value="15.0.1+9-18"/>
    <property name="user.name" value="KUNDAN KUMAR RAI"/>
    <property name="path.separator" value=";"/>
    <property name="os.version" value="10.0"/>
    <property name="java.runtime.name" value="Java(TM) SE Runtime Environment"/>
    <property name="file.encoding" value="Cp1252"/>
    <property name="java.vm.name" value="Java HotSpot(TM) 64-Bit Server VM"/>
    <property name="localRepository" value="C:\Users\KUNDAN KUMAR RAI\.m2\repository"/>
    <property name="java.vendor.url.bug" value="https://bugreport.java.com/bugreport/"/>
    <property name="java.io.tmpdir" value="C:\Users\KUNDAN~1\AppData\Local\Temp\"/>
    <property name="java.version" value="15.0.1"/>
    <property name="user.dir" value="C:\Users\KUNDAN KUMAR RAI\Selenium\TestNG_Newtours_Parameter_Properties"/>
    <property name="os.arch" value="amd64"/>
    <property name="java.vm.specification.name" value="Java Virtual Machine Specification"/>
    <property name="sun.os.patch.level" value=""/>
    <property name="java.library.path" value="C:\Program Files\Java\jdk-15.0.1\bin;C:\Windows\Sun\Java\bin;C:\Windows\system32;C:\Windows;D:\oracle\product\10.2.0\db_1\bin;C:\Windows\system32;C:\Windows;C:\Windows\System32\Wbem;C:\Windows\System32\WindowsPowerShell\v1.0\;C:\Windows\System32\OpenSSH\;C:\Program Files\Java\jdk-15.0.1\bin;C:\Program Files (x86)\nodejs\;C:\ProgramData\chocolatey\bin;C:\Program Files\Apache Software Foundation\Tomcat 9.0\bin;C:\apache-maven-3.8.1\bin;C:\Users\KUNDAN KUMAR RAI\AppData\Local\Microsoft\WindowsApps;;C:\Users\KUNDAN KUMAR RAI\AppData\Local\Programs\Microsoft VS Code\bin;C:\Users\KUNDAN KUMAR RAI\AppData\Roaming\npm;."/>
    <property name="java.vm.info" value="mixed mode, sharing"/>
    <property name="java.vendor" value="Oracle Corporation"/>
    <property name="java.vm.version" value="15.0.1+9-18"/>
    <property name="sun.io.unicode.encoding" value="UnicodeLittle"/>
    <property name="java.class.version" value="59.0"/>
  </properties>
  <testcase name="validateTitle" classname="com.qa.testscripts.TC_Newtours_001" time="0.026"/>
  <testcase name="validateTitle" classname="com.qa.testscripts.TC_Newtours_001" time="0.118"/>
  <testcase name="isTitleInUpperCase" classname="com.qa.testscripts.TC_Newtours_001" time="0.023">
    <failure message="Title is not in upper case expected [WELCOME: MERCURY TOURS] but found [Welcome: Mercury Tours]" type="java.lang.AssertionError">java.lang.AssertionError: Title is not in upper case expected [WELCOME: MERCURY TOURS] but found [Welcome: Mercury Tours]
	at com.qa.testscripts.TC_Newtours_001.isTitleInUpperCase(TC_Newtours_001.java:27)
</failure>
  </testcase>
  <testcase name="UPTextbox" classname="com.qa.testscripts.TC_Newtours_001" time="0.352"/>
  <testcase name="isSigninBtnEnabled" classname="com.qa.testscripts.TC_Newtours_001" time="0.209"/>
  <testcase name="login" classname="com.qa.testscripts.TC_Newtours_001" time="4.037"/>
  <testcase name="flight" classname="com.qa.testscripts.TC_Newtours_001" time="1.413">
    <failure message="expected [Book a flight] but found [Find a Flight: Mercury Tours:]" type="java.lang.AssertionError">java.lang.AssertionError: expected [Book a flight] but found [Find a Flight: Mercury Tours:]
	at com.qa.testscripts.TC_Newtours_001.flight(TC_Newtours_001.java:62)
</failure>
  </testcase>
  <testcase name="isRoundTripSelected" classname="com.qa.testscripts.TC_Newtours_001" time="2.953"/>
  <testcase name="fillAllDetails" classname="com.qa.testscripts.TC_Newtours_001" time="29.079"/>
</testsuite>
